<?xml version="1.0" encoding="UTF-8"?>
<!-- Generated by org.testng.reporters.JUnitReportReporter -->
<testsuite skipped="0" hostname="BAN7223.local" name="mobileAndriod.mobileAndriodChallenge.AppTest" tests="3" failures="0" timestamp="30 Oct 2018 21:25:51 GMT" time="70.049" errors="0">
  <testcase name="firstScenarioTestMethod" time="21.581" classname="mobileAndriod.mobileAndriodChallenge.AppTest"/>
  <testcase name="secondScenarioTtestMethod" time="22.629" classname="mobileAndriod.mobileAndriodChallenge.AppTest"/>
  <testcase name="thirdScenarioTtestMethod" time="25.839" classname="mobileAndriod.mobileAndriodChallenge.AppTest"/>
</testsuite> <!-- mobileAndriod.mobileAndriodChallenge.AppTest -->
